        -:    0:Source:fib.c
        -:    0:Graph:fib.gcno
        -:    0:Data:fib.gcda
        -:    0:Runs:0
        -:    0:Programs:1
        -:    1:#include<stdio.h>
        -:    2:#include "logger.h"
        -:    3:#include <time.h>
        -:    4:
   124374:    5:int f(int n)
        -:    6:{
   124374:    7:  usleep(1000);
   124374:    8:  if (n == 0 || n == 1)
    62186:    9:    return n;
        -:   10:  else
    62188:   11:    return (f(n-1) + f(n-2));
        -:   12:}
        -:   13: 
    #####:   14:int main()
        -:   15:{
    #####:   16:  int i = 1, c;
        -:   17:  
        4:   18:  for (c = 1; c <= 50; c++)
        -:   19:  {
        4:   20:    printf("%d\n", f(i));
        4:   21:    i++;
        -:   22:  }
        -:   23: 
    #####:   24:  return 0;
        -:   25:}
